Norme: ./srcs/parser.c
Error (line 74): comment not well formatted
Error (line 107): comment not well formatted
Norme: ./srcs/parse_toolbox.c
--
--
Norme: ./srcs/parse_toolbox.c
Error (line 17): comment not well formatted
Error (line 40): comment not well formatted
Error (line 77): comment not well formatted
Error (line 114): comment not well formatted
Error (line 151): comment not well formatted
Norme: ./srcs/render.c
--
--
Norme: ./srcs/read.c
Error (line 18): comment not well formatted
Error (line 43): comment not well formatted
Error (line 66): comment not well formatted
Error (line 102): comment not well formatted
Error (line 127): comment not well formatted
Norme: ./srcs/update.c
[1;34mlibft.a[25G[31mNorminette [80G[32m[OK][0m
Norme: ./srcs/vec3_refract.c
Error (line 17): function vec3_refract has 30 lines
Norme: ./includes/color.h
[1;34mlibrt.a[25G[31mNorminette [80G[32m[OK][0m
Norme: ./srcs/color_add.c
Error (line 16): comment not well formatted
Norme: ./srcs/color_max.c
--
--
Norme: ./srcs/color_max.c
Error (line 16): comment not well formatted
Norme: ./srcs/color_scalar.c
--
--
Norme: ./srcs/color_scalar.c
Error (line 16): comment not well formatted
Norme: ./srcs/color_mult.c
--
--
Norme: ./srcs/color_mult.c
Error (line 15): comment not well formatted
Norme: ./srcs/colortoi.c
--
--
Norme: ./srcs/loop_sdl.c
Error (line 16): comment not well formatted
Norme: ./srcs/error_sdl.c
--
--
Norme: ./srcs/save_screenshot.c
Error (line 17): declarations in confirmation are bad aligned
Error (line 17): declarations in confirmation must be at the top of the function
Error (line 17): declarations must be followed by one empty line in confirmation
Error (line 26, col 33): colorScheme not unixcase
Error (line 28, col 9): bad spacing
Error (line 28, col 14): bad spacing
Error (line 28, col 23): bad spacing
Error (line 28, col 33): bad spacing
Error (line 28, col 52): bad spacing
Error (line 29, col 4): bad spacing
Error (line 29, col 9): bad spacing
Error (line 29, col 28): bad spacing
Error (line 40, col 9): missing parentheses in return statement
Error (line 45): declarations in name_screenshot are bad aligned
Error (line 49): struct and tm not separated by a single space.
Error (line 64, col 1): missing space after return
Error (line 67): declarations in save_screenshot are bad aligned
Norme: ./srcs/render_mthr_sdl.c
[1;34mlibui.a[25G[31mNorminette [80G[32m[OK][0m
[1;34mRT[25G[31mNorminette [80G[32m[OK][0m
